<?xml version="1.0" encoding="UTF-8"?>
<!-- Generated by org.testng.reporters.JUnitReportReporter -->
<testsuite skipped="0" hostname="DESKTOP-OL729TN" name="com.bankguru.account.NewAccount" tests="10" failures="0" timestamp="06 Dec 2021 03:57:45 GMT" time="3.761" errors="0">
  <testcase name="NA_08_verifyDepositFieldCannotHaveSpecialCharacter" time="0.362" classname="com.bankguru.account.NewAccount"/>
  <testcase name="NA_03_verifyCustomerIDFieldCannotHaveSpecialCharacter" time="0.361" classname="com.bankguru.account.NewAccount"/>
  <testcase name="NA_01_verifyCustomerIDFieldCannotBeEmpty" time="0.845" classname="com.bankguru.account.NewAccount"/>
  <testcase name="NA_05_verifyCustomerIDFieldFirstCharacterCannotBeSpace" time="0.265" classname="com.bankguru.account.NewAccount"/>
  <testcase name="NA_04_verifyCustomerIDFieldCannotHaveBlackSpace" time="0.263" classname="com.bankguru.account.NewAccount"/>
  <testcase name="NA_09_verifyDepositFieldCannotHaveBlackSpace" time="0.263" classname="com.bankguru.account.NewAccount"/>
  <testcase name="NA_07_verifyDepositFieldMustBeNumeric" time="0.378" classname="com.bankguru.account.NewAccount"/>
  <testcase name="NA_02_verifyCustomerIDFieldMustBeNumeric" time="0.362" classname="com.bankguru.account.NewAccount"/>
  <testcase name="NA_06_verifyDepositFieldCannotBeEmpty" time="0.395" classname="com.bankguru.account.NewAccount"/>
  <testcase name="NA_10_verifyDepositFieldFirstCharacterCannotBeSpace" time="0.267" classname="com.bankguru.account.NewAccount"/>
</testsuite> <!-- com.bankguru.account.NewAccount -->
