<?xml version="1.0" encoding="UTF-8"?>
<!-- Generated by org.testng.reporters.JUnitReportReporter -->
<testsuite skipped="0" hostname="DESKTOP-OL729TN" name="com.bankguru.customer.EditCustomer" tests="19" failures="0" timestamp="04 Dec 2021 07:52:54 GMT" time="6.719" errors="0">
  <testcase name="EC_14_verifyPinFieldMustHaveSixDigits" time="0.086" classname="com.bankguru.customer.EditCustomer"/>
  <testcase name="EC_19_verifyEmailFieldMustBeInFormat" time="0.451" classname="com.bankguru.customer.EditCustomer"/>
  <testcase name="EC_15_verifyPinFieldCannotHaveSpecialCharacter" time="0.167" classname="com.bankguru.customer.EditCustomer"/>
  <testcase name="EC_09_verifyStateFieldCannotBeEmpty" time="0.260" classname="com.bankguru.customer.EditCustomer"/>
  <testcase name="EC_07_verifyCityFieldCannotBeNumeric" time="0.176" classname="com.bankguru.customer.EditCustomer"/>
  <testcase name="EC_03_verifyCustomerIdFieldCannotHaveSpecialCharacter" time="0.635" classname="com.bankguru.customer.EditCustomer"/>
  <testcase name="EC_17_verifyTelePhoneFieldCannotHaveSpecialCharacter" time="0.166" classname="com.bankguru.customer.EditCustomer"/>
  <testcase name="EC_12_verifyPinFieldCannotBeNumeric" time="0.114" classname="com.bankguru.customer.EditCustomer"/>
  <testcase name="EC_08_verifyCityFieldCannotHaveSpecialCharacter" time="0.181" classname="com.bankguru.customer.EditCustomer"/>
  <testcase name="EC_01_verifyCustomerIdFieldCannotBeEmpty" time="0.903" classname="com.bankguru.customer.EditCustomer"/>
  <testcase name="EC_10_verifyStateFieldCannotBeNumeric" time="0.182" classname="com.bankguru.customer.EditCustomer"/>
  <testcase name="EC_13_verifyPinFieldCannotBeEmpty" time="0.230" classname="com.bankguru.customer.EditCustomer"/>
  <testcase name="EC_18_verifyEmailFieldCannotBeEmpty" time="0.271" classname="com.bankguru.customer.EditCustomer"/>
  <testcase name="EC_02_verifyCustomerIdFieldMustBeNumeric" time="0.628" classname="com.bankguru.customer.EditCustomer"/>
  <testcase name="EC_16_verifyTelePhoneFieldCannotBeEmpty" time="0.252" classname="com.bankguru.customer.EditCustomer"/>
  <testcase name="EC_11_verifyStateFieldCannotHaveSpecialCharacter" time="0.178" classname="com.bankguru.customer.EditCustomer"/>
  <testcase name="EC_04_verifyCustomerIdFieldVaild" time="1.331" classname="com.bankguru.customer.EditCustomer"/>
  <testcase name="EC_05_verifyAddressFieldCannotBeEmpty" time="0.259" classname="com.bankguru.customer.EditCustomer"/>
  <testcase name="EC_06_verifyCityFieldCannotBeEmpty" time="0.249" classname="com.bankguru.customer.EditCustomer"/>
</testsuite> <!-- com.bankguru.customer.EditCustomer -->
