<?xml version="1.0" encoding="UTF-8"?>
<!-- Generated by org.testng.reporters.JUnitReportReporter -->
<testsuite skipped="0" hostname="DESKTOP-OL729TN" name="com.bankguru.account.NewAccount" tests="10" failures="0" timestamp="04 Dec 2021 09:49:11 GMT" time="3.855" errors="0">
  <testcase name="NA_05_verifyCustomerIDFieldFirstCharacterCannotBeSpace" time="0.289" classname="com.bankguru.account.NewAccount"/>
  <testcase name="NA_08_verifyDepositFieldCannotHaveSpecialCharacter" time="0.374" classname="com.bankguru.account.NewAccount"/>
  <testcase name="NA_07_verifyDepositFieldMustBeNumeric" time="0.399" classname="com.bankguru.account.NewAccount"/>
  <testcase name="NA_09_verifyDepositFieldCannotHaveBlackSpace" time="0.271" classname="com.bankguru.account.NewAccount"/>
  <testcase name="NA_04_verifyCustomerIDFieldCannotHaveBlackSpace" time="0.313" classname="com.bankguru.account.NewAccount"/>
  <testcase name="NA_03_verifyCustomerIDFieldCannotHaveSpecialCharacter" time="0.380" classname="com.bankguru.account.NewAccount"/>
  <testcase name="NA_10_verifyDepositFieldFirstCharacterCannotBeSpace" time="0.272" classname="com.bankguru.account.NewAccount"/>
  <testcase name="NA_06_verifyDepositFieldCannotBeEmpty" time="0.355" classname="com.bankguru.account.NewAccount"/>
  <testcase name="NA_01_verifyCustomerIDFieldCannotBeEmpty" time="0.800" classname="com.bankguru.account.NewAccount"/>
  <testcase name="NA_02_verifyCustomerIDFieldMustBeNumeric" time="0.402" classname="com.bankguru.account.NewAccount"/>
</testsuite> <!-- com.bankguru.account.NewAccount -->
