<?xml version="1.0" encoding="UTF-8"?>
<!-- Generated by org.testng.reporters.JUnitReportReporter -->
<testsuite skipped="0" hostname="DESKTOP-OL729TN" name="com.bankguru.commons.common_02_LoginAccount" tests="1" failures="0" timestamp="01 Dec 2021 02:05:37 GMT" time="1.948" errors="0">
  <testcase name="common_01_LoginAccount" time="1.948" classname="com.bankguru.commons.common_02_LoginAccount"/>
</testsuite> <!-- com.bankguru.commons.common_02_LoginAccount -->
