<?xml version="1.0" encoding="UTF-8"?>
<!-- Generated by org.testng.reporters.JUnitReportReporter -->
<testsuite skipped="0" hostname="DESKTOP-OL729TN" name="com.bankguru.customer.DeleteCustomer" tests="5" failures="0" timestamp="04 Dec 2021 07:52:54 GMT" time="3.249" errors="0">
  <testcase name="EC_03_verifyCustomerIdFieldCannotSpecialCharacter" time="0.609" classname="com.bankguru.customer.DeleteCustomer"/>
  <testcase name="EC_05_verifyCustomerIdFieldCannotHaveBeSpace" time="0.526" classname="com.bankguru.customer.DeleteCustomer"/>
  <testcase name="EC_02_verifyCustomerIdFieldMustBeNumeric" time="0.618" classname="com.bankguru.customer.DeleteCustomer"/>
  <testcase name="EC_04_verifyCustomerIdFieldCannotHaveBlankSpace" time="0.538" classname="com.bankguru.customer.DeleteCustomer"/>
  <testcase name="EC_01_verifyCustomerIdFieldCannotBeEmpty" time="0.958" classname="com.bankguru.customer.DeleteCustomer"/>
</testsuite> <!-- com.bankguru.customer.DeleteCustomer -->
